================================================================================
PARALLEL GRID SEARCH OPTIMIZATION: NTMA Parameters
================================================================================
CPU cores available: 10
Workers: 8
k2 values: 3 → [0.0, 0.5, 1.0]
d2 values: 50 → [0.0010, 0.0020, ..., 0.0500]
alpha1 values: 20 → [0.0010, 0.0015, ..., 0.0105]

Total combinations: 3 × 50 × 20 = 3,000
DEFAULT baseline: k2=0.0, d2=0.0130, α1=0.0042
Expected speedup: ~8x faster
================================================================================

✓ Loaded cache: 2701 evaluations already completed

=== Starting Parallel Grid Search ===
Already completed: 2701/3000
To evaluate: 300
Workers: 8
================================================================================

[2751/3000] ( 91.7%) Batch 1/6 | Best=0.663075 (44.5%) | Rate: 0.4/s | ETA: 12m
[2801/3000] ( 93.4%) Batch 2/6 | Best=0.663075 (44.5%) | Rate: 0.4/s | ETA: 9m
[2851/3000] ( 95.0%) Batch 3/6 | Best=0.663075 (44.5%) | Rate: 0.4/s | ETA: 7m
[2901/3000] ( 96.7%) Batch 4/6 | Best=0.663075 (44.5%) | Rate: 0.4/s | ETA: 5m
[2951/3000] ( 98.4%) Batch 5/6 | Best=0.663075 (44.5%) | Rate: 0.4/s | ETA: 2m
[3001/3000] (100.0%) Batch 6/6 | Best=0.663075 (44.5%) | Rate: 0.4/s | ETA: 0m
================================================================================
PARALLEL GRID SEARCH OPTIMIZATION: NTMA Parameters
================================================================================
CPU cores available: 10
Workers: 8
k2 values: 3 → [0.0, 0.5, 1.0]
d2 values: 50 → [0.0010, 0.0020, ..., 0.0500]
alpha1 values: 20 → [0.0010, 0.0015, ..., 0.0105]

Total combinations: 3 × 50 × 20 = 3,000
DEFAULT baseline: k2=0.0, d2=0.0130, α1=0.0042
Expected speedup: ~8x faster
================================================================================
================================================================================
PARALLEL GRID SEARCH OPTIMIZATION: NTMA Parameters
================================================================================
CPU cores available: 10
Workers: 8
k2 values: 3 → [0.0, 0.5, 1.0]
d2 values: 50 → [0.0010, 0.0020, ..., 0.0500]
alpha1 values: 20 → [0.0010, 0.0015, ..., 0.0105]

Total combinations: 3 × 50 × 20 = 3,000
DEFAULT baseline: k2=0.0, d2=0.0130, α1=0.0042
Expected speedup: ~8x faster
================================================================================
================================================================================
PARALLEL GRID SEARCH OPTIMIZATION: NTMA Parameters
================================================================================
CPU cores available: 10
Workers: 8
k2 values: 3 → [0.0, 0.5, 1.0]
d2 values: 50 → [0.0010, 0.0020, ..., 0.0500]
alpha1 values: 20 → [0.0010, 0.0015, ..., 0.0105]

Total combinations: 3 × 50 × 20 = 3,000
DEFAULT baseline: k2=0.0, d2=0.0130, α1=0.0042
Expected speedup: ~8x faster
================================================================================
================================================================================
PARALLEL GRID SEARCH OPTIMIZATION: NTMA Parameters
================================================================================
CPU cores available: 10
Workers: 8
k2 values: 3 → [0.0, 0.5, 1.0]
d2 values: 50 → [0.0010, 0.0020, ..., 0.0500]
alpha1 values: 20 → [0.0010, 0.0015, ..., 0.0105]

Total combinations: 3 × 50 × 20 = 3,000
DEFAULT baseline: k2=0.0, d2=0.0130, α1=0.0042
Expected speedup: ~8x faster
================================================================================
================================================================================
PARALLEL GRID SEARCH OPTIMIZATION: NTMA Parameters
================================================================================
CPU cores available: 10
Workers: 8
k2 values: 3 → [0.0, 0.5, 1.0]
d2 values: 50 → [0.0010, 0.0020, ..., 0.0500]
alpha1 values: 20 → [0.0010, 0.0015, ..., 0.0105]

Total combinations: 3 × 50 × 20 = 3,000
DEFAULT baseline: k2=0.0, d2=0.0130, α1=0.0042
Expected speedup: ~8x faster
================================================================================
================================================================================
PARALLEL GRID SEARCH OPTIMIZATION: NTMA Parameters
================================================================================
CPU cores available: 10
Workers: 8
k2 values: 3 → [0.0, 0.5, 1.0]
d2 values: 50 → [0.0010, 0.0020, ..., 0.0500]
alpha1 values: 20 → [0.0010, 0.0015, ..., 0.0105]

Total combinations: 3 × 50 × 20 = 3,000
DEFAULT baseline: k2=0.0, d2=0.0130, α1=0.0042
Expected speedup: ~8x faster
================================================================================

================================================================================
GRID SEARCH COMPLETE
================================================================================
Total time: 0.23 hours (14.1 minutes)
Evaluations: 3001/3000
Successful: 3001, Failed: 0
Average rate: 0.4 evaluations/second
Speedup vs sequential: ~8.0x

=== OPTIMUM FOUND ===
k2 = 0.000000
d2 = 0.001000
alpha1 = 0.010000
Peak amplitude = 0.663075
Reduction from DEFAULT = 44.5%
================================================================================

✓ Optimum saved to: grid_search_final_optimum.pkl
